<?xml version="1.0" encoding="UTF-8"?>
<!-- Generated by org.testng.reporters.JUnitReportReporter -->
<testsuite skipped="0" hostname="DESKTOP-41LHH59" name="runner.GooglePageRunner" tests="2" failures="0" timestamp="25 May 2022 05:54:56 GMT" time="129.378" errors="0">
  <testcase name="runScenario" time="44.721" classname="runner.GooglePageRunner"/>
  <testcase name="runScenario" time="84.657" classname="runner.GooglePageRunner"/>
</testsuite> <!-- runner.GooglePageRunner -->
